Determining if the Q_WS_WIN exist failed with the following output:
Change Dir: /home/michi/Projekte/MythInfo/build/CMakeFiles/CMakeTmp

Run Build Command:"/usr/bin/make" "cmTryCompileExec1957631178/fast"
/usr/bin/make -f CMakeFiles/cmTryCompileExec1957631178.dir/build.make CMakeFiles/cmTryCompileExec1957631178.dir/build
make[1]: Entering directory '/home/michi/Projekte/MythInfo/build/CMakeFiles/CMakeTmp'
/usr/bin/cmake -E cmake_progress_report /home/michi/Projekte/MythInfo/build/CMakeFiles/CMakeTmp/CMakeFiles 1
Building C object CMakeFiles/cmTryCompileExec1957631178.dir/CheckSymbolExists.c.o
/usr/bin/cc   -I/usr/include/qt4    -o CMakeFiles/cmTryCompileExec1957631178.dir/CheckSymbolExists.c.o   -c /home/michi/Projekte/MythInfo/build/CMakeFiles/CMakeTmp/CheckSymbolExists.c
/home/michi/Projekte/MythInfo/build/CMakeFiles/CMakeTmp/CheckSymbolExists.c: In function ‘main’:
/home/michi/Projekte/MythInfo/build/CMakeFiles/CMakeTmp/CheckSymbolExists.c:8:19: error: ‘Q_WS_WIN’ undeclared (first use in this function)
   return ((int*)(&Q_WS_WIN))[argc];
                   ^
/home/michi/Projekte/MythInfo/build/CMakeFiles/CMakeTmp/CheckSymbolExists.c:8:19: note: each undeclared identifier is reported only once for each function it appears in
CMakeFiles/cmTryCompileExec1957631178.dir/build.make:57: recipe for target 'CMakeFiles/cmTryCompileExec1957631178.dir/CheckSymbolExists.c.o' failed
make[1]: Leaving directory '/home/michi/Projekte/MythInfo/build/CMakeFiles/CMakeTmp'
make[1]: *** [CMakeFiles/cmTryCompileExec1957631178.dir/CheckSymbolExists.c.o] Error 1
Makefile:118: recipe for target 'cmTryCompileExec1957631178/fast' failed
make: *** [cmTryCompileExec1957631178/fast] Error 2

File /home/michi/Projekte/MythInfo/build/CMakeFiles/CMakeTmp/CheckSymbolExists.c:
/* */
#include <QtCore/qglobal.h>

int main(int argc, char** argv)
{
  (void)argv;
#ifndef Q_WS_WIN
  return ((int*)(&Q_WS_WIN))[argc];
#else
  (void)argc;
  return 0;
#endif
}

Determining if the Q_WS_QWS exist failed with the following output:
Change Dir: /home/michi/Projekte/MythInfo/build/CMakeFiles/CMakeTmp

Run Build Command:"/usr/bin/make" "cmTryCompileExec2927881528/fast"
/usr/bin/make -f CMakeFiles/cmTryCompileExec2927881528.dir/build.make CMakeFiles/cmTryCompileExec2927881528.dir/build
make[1]: Entering directory '/home/michi/Projekte/MythInfo/build/CMakeFiles/CMakeTmp'
/usr/bin/cmake -E cmake_progress_report /home/michi/Projekte/MythInfo/build/CMakeFiles/CMakeTmp/CMakeFiles 1
Building C object CMakeFiles/cmTryCompileExec2927881528.dir/CheckSymbolExists.c.o
/usr/bin/cc   -I/usr/include/qt4    -o CMakeFiles/cmTryCompileExec2927881528.dir/CheckSymbolExists.c.o   -c /home/michi/Projekte/MythInfo/build/CMakeFiles/CMakeTmp/CheckSymbolExists.c
/home/michi/Projekte/MythInfo/build/CMakeFiles/CMakeTmp/CheckSymbolExists.c: In function ‘main’:
/home/michi/Projekte/MythInfo/build/CMakeFiles/CMakeTmp/CheckSymbolExists.c:8:19: error: ‘Q_WS_QWS’ undeclared (first use in this function)
   return ((int*)(&Q_WS_QWS))[argc];
                   ^
/home/michi/Projekte/MythInfo/build/CMakeFiles/CMakeTmp/CheckSymbolExists.c:8:19: note: each undeclared identifier is reported only once for each function it appears in
CMakeFiles/cmTryCompileExec2927881528.dir/build.make:57: recipe for target 'CMakeFiles/cmTryCompileExec2927881528.dir/CheckSymbolExists.c.o' failed
make[1]: *** [CMakeFiles/cmTryCompileExec2927881528.dir/CheckSymbolExists.c.o] Error 1
make[1]: Leaving directory '/home/michi/Projekte/MythInfo/build/CMakeFiles/CMakeTmp'
Makefile:118: recipe for target 'cmTryCompileExec2927881528/fast' failed
make: *** [cmTryCompileExec2927881528/fast] Error 2

File /home/michi/Projekte/MythInfo/build/CMakeFiles/CMakeTmp/CheckSymbolExists.c:
/* */
#include <QtCore/qglobal.h>

int main(int argc, char** argv)
{
  (void)argv;
#ifndef Q_WS_QWS
  return ((int*)(&Q_WS_QWS))[argc];
#else
  (void)argc;
  return 0;
#endif
}

Determining if the Q_WS_MAC exist failed with the following output:
Change Dir: /home/michi/Projekte/MythInfo/build/CMakeFiles/CMakeTmp

Run Build Command:"/usr/bin/make" "cmTryCompileExec1216318452/fast"
/usr/bin/make -f CMakeFiles/cmTryCompileExec1216318452.dir/build.make CMakeFiles/cmTryCompileExec1216318452.dir/build
make[1]: Entering directory '/home/michi/Projekte/MythInfo/build/CMakeFiles/CMakeTmp'
/usr/bin/cmake -E cmake_progress_report /home/michi/Projekte/MythInfo/build/CMakeFiles/CMakeTmp/CMakeFiles 1
Building C object CMakeFiles/cmTryCompileExec1216318452.dir/CheckSymbolExists.c.o
/usr/bin/cc   -I/usr/include/qt4    -o CMakeFiles/cmTryCompileExec1216318452.dir/CheckSymbolExists.c.o   -c /home/michi/Projekte/MythInfo/build/CMakeFiles/CMakeTmp/CheckSymbolExists.c
/home/michi/Projekte/MythInfo/build/CMakeFiles/CMakeTmp/CheckSymbolExists.c: In function ‘main’:
/home/michi/Projekte/MythInfo/build/CMakeFiles/CMakeTmp/CheckSymbolExists.c:8:19: error: ‘Q_WS_MAC’ undeclared (first use in this function)
   return ((int*)(&Q_WS_MAC))[argc];
                   ^
/home/michi/Projekte/MythInfo/build/CMakeFiles/CMakeTmp/CheckSymbolExists.c:8:19: note: each undeclared identifier is reported only once for each function it appears in
CMakeFiles/cmTryCompileExec1216318452.dir/build.make:57: recipe for target 'CMakeFiles/cmTryCompileExec1216318452.dir/CheckSymbolExists.c.o' failed
make[1]: *** [CMakeFiles/cmTryCompileExec1216318452.dir/CheckSymbolExists.c.o] Error 1
make[1]: Leaving directory '/home/michi/Projekte/MythInfo/build/CMakeFiles/CMakeTmp'
Makefile:118: recipe for target 'cmTryCompileExec1216318452/fast' failed
make: *** [cmTryCompileExec1216318452/fast] Error 2

File /home/michi/Projekte/MythInfo/build/CMakeFiles/CMakeTmp/CheckSymbolExists.c:
/* */
#include <QtCore/qglobal.h>

int main(int argc, char** argv)
{
  (void)argv;
#ifndef Q_WS_MAC
  return ((int*)(&Q_WS_MAC))[argc];
#else
  (void)argc;
  return 0;
#endif
}

Determining if the pthread_create exist failed with the following output:
Change Dir: /home/michi/Projekte/MythInfo/build/CMakeFiles/CMakeTmp

Run Build Command:"/usr/bin/make" "cmTryCompileExec3113118344/fast"
/usr/bin/make -f CMakeFiles/cmTryCompileExec3113118344.dir/build.make CMakeFiles/cmTryCompileExec3113118344.dir/build
make[1]: Entering directory '/home/michi/Projekte/MythInfo/build/CMakeFiles/CMakeTmp'
/usr/bin/cmake -E cmake_progress_report /home/michi/Projekte/MythInfo/build/CMakeFiles/CMakeTmp/CMakeFiles 1
Building C object CMakeFiles/cmTryCompileExec3113118344.dir/CheckSymbolExists.c.o
/usr/bin/cc    -o CMakeFiles/cmTryCompileExec3113118344.dir/CheckSymbolExists.c.o   -c /home/michi/Projekte/MythInfo/build/CMakeFiles/CMakeTmp/CheckSymbolExists.c
Linking C executable cmTryCompileExec3113118344
/usr/bin/cmake -E cmake_link_script CMakeFiles/cmTryCompileExec3113118344.dir/link.txt --verbose=1
/usr/bin/cc       CMakeFiles/cmTryCompileExec3113118344.dir/CheckSymbolExists.c.o  -o cmTryCompileExec3113118344 -rdynamic 
CMakeFiles/cmTryCompileExec3113118344.dir/CheckSymbolExists.c.o: In function `main':
CheckSymbolExists.c:(.text+0x16): undefined reference to `pthread_create'
collect2: error: ld returned 1 exit status
CMakeFiles/cmTryCompileExec3113118344.dir/build.make:88: recipe for target 'cmTryCompileExec3113118344' failed
make[1]: *** [cmTryCompileExec3113118344] Error 1
make[1]: Leaving directory '/home/michi/Projekte/MythInfo/build/CMakeFiles/CMakeTmp'
Makefile:118: recipe for target 'cmTryCompileExec3113118344/fast' failed
make: *** [cmTryCompileExec3113118344/fast] Error 2

File /home/michi/Projekte/MythInfo/build/CMakeFiles/CMakeTmp/CheckSymbolExists.c:
/* */
#include <pthread.h>

int main(int argc, char** argv)
{
  (void)argv;
#ifndef pthread_create
  return ((int*)(&pthread_create))[argc];
#else
  (void)argc;
  return 0;
#endif
}

Determining if the function pthread_create exists in the pthreads failed with the following output:
Change Dir: /home/michi/Projekte/MythInfo/build/CMakeFiles/CMakeTmp

Run Build Command:"/usr/bin/make" "cmTryCompileExec265781294/fast"
/usr/bin/make -f CMakeFiles/cmTryCompileExec265781294.dir/build.make CMakeFiles/cmTryCompileExec265781294.dir/build
make[1]: Entering directory '/home/michi/Projekte/MythInfo/build/CMakeFiles/CMakeTmp'
/usr/bin/cmake -E cmake_progress_report /home/michi/Projekte/MythInfo/build/CMakeFiles/CMakeTmp/CMakeFiles 1
Building C object CMakeFiles/cmTryCompileExec265781294.dir/CheckFunctionExists.c.o
/usr/bin/cc   -DCHECK_FUNCTION_EXISTS=pthread_create   -o CMakeFiles/cmTryCompileExec265781294.dir/CheckFunctionExists.c.o   -c /usr/share/cmake-3.0/Modules/CheckFunctionExists.c
Linking C executable cmTryCompileExec265781294
/usr/bin/cmake -E cmake_link_script CMakeFiles/cmTryCompileExec265781294.dir/link.txt --verbose=1
/usr/bin/cc   -DCHECK_FUNCTION_EXISTS=pthread_create    CMakeFiles/cmTryCompileExec265781294.dir/CheckFunctionExists.c.o  -o cmTryCompileExec265781294 -rdynamic -lpthreads 
/usr/bin/ld: cannot find -lpthreads
collect2: error: ld returned 1 exit status
CMakeFiles/cmTryCompileExec265781294.dir/build.make:88: recipe for target 'cmTryCompileExec265781294' failed
make[1]: *** [cmTryCompileExec265781294] Error 1
make[1]: Leaving directory '/home/michi/Projekte/MythInfo/build/CMakeFiles/CMakeTmp'
Makefile:118: recipe for target 'cmTryCompileExec265781294/fast' failed
make: *** [cmTryCompileExec265781294/fast] Error 2


